[2026-03-05T18:48:29.356Z] Starting run
[2026-03-05T18:48:30.350Z] Running query 1/6: Show me total sales last month.
[2026-03-05T18:49:03.175Z] Completed query 1/6
[2026-03-05T18:49:03.179Z] Running query 2/6: Show me sales by state in descending order.
[2026-03-05T18:52:03.906Z] Query 2/6 failed: page.waitForFunction: Timeout 180000ms exceeded.
    at runSingleQuery (/Users/joe/Code/ci_analyst/.tmp-playwright/run-six-starters.js:31:14)
    at async run (/Users/joe/Code/ci_analyst/.tmp-playwright/run-six-starters.js:80:22)
[2026-03-05T18:52:03.914Z] Running query 3/6: Show me new vs repeat customers by month for the last 6 months.
[2026-03-05T18:52:48.881Z] Completed query 3/6
[2026-03-05T18:52:48.886Z] Running query 4/6: What were my sales, transactions, and average sale amount for Q4 2025 compared to the same period last year?
[2026-03-05T18:55:49.400Z] Query 4/6 failed: page.waitForFunction: Timeout 180000ms exceeded.
    at runSingleQuery (/Users/joe/Code/ci_analyst/.tmp-playwright/run-six-starters.js:31:14)
    at async run (/Users/joe/Code/ci_analyst/.tmp-playwright/run-six-starters.js:80:22)
[2026-03-05T18:55:49.400Z] Running query 5/6: For the last 8 weeks, which day of week and transaction time window drive the highest average ticket and transaction volume?
[2026-03-05T18:58:50.002Z] Query 5/6 failed: page.waitForFunction: Timeout 180000ms exceeded.
    at runSingleQuery (/Users/joe/Code/ci_analyst/.tmp-playwright/run-six-starters.js:31:14)
    at async run (/Users/joe/Code/ci_analyst/.tmp-playwright/run-six-starters.js:80:22)
[2026-03-05T18:58:50.004Z] Running query 6/6: What were my top and bottom performing stores for 2025, what was the new vs repeat customer mix for each one, and how does that compare to the prior period?
[2026-03-05T18:59:38.926Z] Completed query 6/6
[2026-03-05T18:59:38.928Z] Saved results to /Users/joe/Code/ci_analyst/.tmp-playwright/starter-query-results.json
[2026-03-05T18:59:38.974Z] Browser closed
